<?xml version="1.0" encoding="UTF-8"?>
<!-- Generated by org.testng.reporters.JUnitReportReporter -->
<testsuite hostname="DESKTOP-HOF3APB" failures="0" tests="1" name="test.ListCustomersTest" time="18.437" errors="0" timestamp="02 Jun 2024 18:43:33 GMT" skipped="0">
  <testcase classname="test.ListCustomersTest" name="userShouldBeAbleToEditAndViewCustomer" time="18.437"/>
</testsuite> <!-- test.ListCustomersTest -->
