<?xml version="1.0" encoding="UTF-8"?>
<!-- Generated by org.testng.reporters.JUnitReportReporter -->
<testsuite hostname="DESKTOP-HOF3APB" failures="0" tests="1" name="test.AddCustomerTest" time="22.306" errors="0" timestamp="02 Jun 2024 18:43:33 GMT" skipped="0">
  <testcase classname="test.AddCustomerTest" name="userShouldBeAbleToCreateNewCustomer" time="22.306"/>
</testsuite> <!-- test.AddCustomerTest -->
